2024-04-29 17:59:55,737 :DEBUG : selenium.webdriver.common.selenium_manager :Selenium Manager binary found at: /home/karunakar/PycharmProjects/Dinero_UI_Automation/.venv/lib/python3.11/site-packages/selenium/webdriver/common/linux/selenium-manager
2024-04-29 17:59:55,737 :DEBUG : selenium.webdriver.common.selenium_manager :Executing process: /home/karunakar/PycharmProjects/Dinero_UI_Automation/.venv/lib/python3.11/site-packages/selenium/webdriver/common/linux/selenium-manager --browser chrome --debug --language-binding python --output json
2024-04-29 17:59:55,760 :DEBUG : selenium.webdriver.common.selenium_manager :chromedriver not found in PATH
2024-04-29 17:59:55,760 :DEBUG : selenium.webdriver.common.selenium_manager :chrome detected at /usr/bin/google-chrome
2024-04-29 17:59:55,760 :DEBUG : selenium.webdriver.common.selenium_manager :Running command: /usr/bin/google-chrome --version
2024-04-29 17:59:55,760 :DEBUG : selenium.webdriver.common.selenium_manager :Output: "Google Chrome 124.0.6367.78 "
2024-04-29 17:59:55,760 :DEBUG : selenium.webdriver.common.selenium_manager :Detected browser: chrome 124.0.6367.78
2024-04-29 17:59:55,760 :DEBUG : selenium.webdriver.common.selenium_manager :Required driver: chromedriver 124.0.6367.91
2024-04-29 17:59:55,760 :DEBUG : selenium.webdriver.common.selenium_manager :chromedriver 124.0.6367.91 already in the cache
2024-04-29 17:59:55,760 :DEBUG : selenium.webdriver.common.selenium_manager :Driver path: /home/karunakar/.cache/selenium/chromedriver/linux64/124.0.6367.91/chromedriver
2024-04-29 17:59:55,760 :DEBUG : selenium.webdriver.common.selenium_manager :Browser path: /usr/bin/google-chrome
2024-04-29 17:59:55,760 :DEBUG : selenium.webdriver.common.selenium_manager :Using driver at: /home/karunakar/.cache/selenium/chromedriver/linux64/124.0.6367.91/chromedriver
2024-04-29 17:59:55,761 :DEBUG : selenium.webdriver.common.service :Started executable: `/home/karunakar/.cache/selenium/chromedriver/linux64/124.0.6367.91/chromedriver` in a child process with pid: 18357 using 0 to output -3
2024-04-29 17:59:55,772 :DEBUG : selenium.webdriver.remote.remote_connection :POST http://localhost:38911/session {'capabilities': {'firstMatch': [{}], 'alwaysMatch': {'browserName': 'chrome', 'pageLoadStrategy': <PageLoadStrategy.normal: 'normal'>, 'browserVersion': None, 'goog:chromeOptions': {'extensions': [], 'binary': '/usr/bin/google-chrome', 'args': []}}}}
2024-04-29 17:59:55,772 :DEBUG : urllib3.connectionpool :Starting new HTTP connection (1): localhost:38911
2024-04-29 17:59:56,145 :DEBUG : urllib3.connectionpool :http://localhost:38911 "POST /session HTTP/1.1" 200 0
2024-04-29 17:59:56,145 :DEBUG : selenium.webdriver.remote.remote_connection :Remote response: status=200 | data={"value":{"capabilities":{"acceptInsecureCerts":false,"browserName":"chrome","browserVersion":"124.0.6367.78","chrome":{"chromedriverVersion":"124.0.6367.91 (51df0e5e17a8b0a4f281c1665dbd1b8a0c6b46af-refs/branch-heads/6367@{#984})","userDataDir":"/tmp/.org.chromium.Chromium.cZBOwg"},"fedcm:accounts":true,"goog:chromeOptions":{"debuggerAddress":"localhost:39051"},"networkConnectionEnabled":false,"pageLoadStrategy":"normal","platformName":"linux","proxy":{},"setWindowRect":true,"strictFileInteractability":false,"timeouts":{"implicit":0,"pageLoad":300000,"script":30000},"unhandledPromptBehavior":"dismiss and notify","webauthn:extension:credBlob":true,"webauthn:extension:largeBlob":true,"webauthn:extension:minPinLength":true,"webauthn:extension:prf":true,"webauthn:virtualAuthenticators":true},"sessionId":"9d9fab0a14a2ef10af74567e9dfd0e63"}} | headers=HTTPHeaderDict({'Content-Length': '847', 'Content-Type': 'application/json; charset=utf-8', 'cache-control': 'no-cache'})
2024-04-29 17:59:56,145 :DEBUG : selenium.webdriver.remote.remote_connection :Finished Request
2024-04-29 17:59:56,146 :DEBUG : selenium.webdriver.remote.remote_connection :POST http://localhost:38911/session/9d9fab0a14a2ef10af74567e9dfd0e63/url {'url': 'https://demo.nopcommerce.com/'}
2024-04-29 17:59:57,355 :DEBUG : urllib3.connectionpool :http://localhost:38911 "POST /session/9d9fab0a14a2ef10af74567e9dfd0e63/url HTTP/1.1" 200 0
2024-04-29 17:59:57,355 :DEBUG : selenium.webdriver.remote.remote_connection :Remote response: status=200 | data={"value":null} | headers=HTTPHeaderDict({'Content-Length': '14', 'Content-Type': 'application/json; charset=utf-8', 'cache-control': 'no-cache'})
2024-04-29 17:59:57,355 :DEBUG : selenium.webdriver.remote.remote_connection :Finished Request
2024-04-29 17:59:57,355 :DEBUG : selenium.webdriver.remote.remote_connection :POST http://localhost:38911/session/9d9fab0a14a2ef10af74567e9dfd0e63/window/maximize {}
2024-04-29 17:59:57,369 :DEBUG : urllib3.connectionpool :http://localhost:38911 "POST /session/9d9fab0a14a2ef10af74567e9dfd0e63/window/maximize HTTP/1.1" 200 0
2024-04-29 17:59:57,369 :DEBUG : selenium.webdriver.remote.remote_connection :Remote response: status=200 | data={"value":{"height":1028,"width":945,"x":10,"y":42}} | headers=HTTPHeaderDict({'Content-Length': '51', 'Content-Type': 'application/json; charset=utf-8', 'cache-control': 'no-cache'})
2024-04-29 17:59:57,369 :DEBUG : selenium.webdriver.remote.remote_connection :Finished Request
2024-04-29 17:59:57,369 :DEBUG : selenium.webdriver.remote.remote_connection :POST http://localhost:38911/session/9d9fab0a14a2ef10af74567e9dfd0e63/element {'using': 'xpath', 'value': "//a[normalize-space()='Log in']"}
2024-04-29 17:59:57,381 :DEBUG : urllib3.connectionpool :http://localhost:38911 "POST /session/9d9fab0a14a2ef10af74567e9dfd0e63/element HTTP/1.1" 200 0
2024-04-29 17:59:57,381 :DEBUG : selenium.webdriver.remote.remote_connection :Remote response: status=200 | data={"value":{"element-6066-11e4-a52e-4f735466cecf":"f.FB0127B3D53F94DA229E28ABA05775A3.d.B7CF2EDCD7EEF5DBB9E3CF5B09D5B3D0.e.30"}} | headers=HTTPHeaderDict({'Content-Length': '126', 'Content-Type': 'application/json; charset=utf-8', 'cache-control': 'no-cache'})
2024-04-29 17:59:57,381 :DEBUG : selenium.webdriver.remote.remote_connection :Finished Request
2024-04-29 17:59:57,381 :DEBUG : selenium.webdriver.remote.remote_connection :POST http://localhost:38911/session/9d9fab0a14a2ef10af74567e9dfd0e63/element/f.FB0127B3D53F94DA229E28ABA05775A3.d.B7CF2EDCD7EEF5DBB9E3CF5B09D5B3D0.e.30/click {}
2024-04-29 17:59:57,795 :DEBUG : urllib3.connectionpool :http://localhost:38911 "POST /session/9d9fab0a14a2ef10af74567e9dfd0e63/element/f.FB0127B3D53F94DA229E28ABA05775A3.d.B7CF2EDCD7EEF5DBB9E3CF5B09D5B3D0.e.30/click HTTP/1.1" 200 0
2024-04-29 17:59:57,795 :DEBUG : selenium.webdriver.remote.remote_connection :Remote response: status=200 | data={"value":null} | headers=HTTPHeaderDict({'Content-Length': '14', 'Content-Type': 'application/json; charset=utf-8', 'cache-control': 'no-cache'})
2024-04-29 17:59:57,795 :DEBUG : selenium.webdriver.remote.remote_connection :Finished Request
2024-04-29 17:59:57,795 :DEBUG : selenium.webdriver.remote.remote_connection :POST http://localhost:38911/session/9d9fab0a14a2ef10af74567e9dfd0e63/element {'using': 'xpath', 'value': "//input[@id='Email']"}
2024-04-29 17:59:57,805 :DEBUG : urllib3.connectionpool :http://localhost:38911 "POST /session/9d9fab0a14a2ef10af74567e9dfd0e63/element HTTP/1.1" 200 0
2024-04-29 17:59:57,805 :DEBUG : selenium.webdriver.remote.remote_connection :Remote response: status=200 | data={"value":{"element-6066-11e4-a52e-4f735466cecf":"f.FB0127B3D53F94DA229E28ABA05775A3.d.1A614B5B91DEC3009A04655B8CC3C0F9.e.59"}} | headers=HTTPHeaderDict({'Content-Length': '126', 'Content-Type': 'application/json; charset=utf-8', 'cache-control': 'no-cache'})
2024-04-29 17:59:57,805 :DEBUG : selenium.webdriver.remote.remote_connection :Finished Request
2024-04-29 17:59:57,805 :DEBUG : selenium.webdriver.remote.remote_connection :POST http://localhost:38911/session/9d9fab0a14a2ef10af74567e9dfd0e63/element/f.FB0127B3D53F94DA229E28ABA05775A3.d.1A614B5B91DEC3009A04655B8CC3C0F9.e.59/value {'text': 'karunakar@gmail.com', 'value': ['k', 'a', 'r', 'u', 'n', 'a', 'k', 'a', 'r', '@', 'g', 'm', 'a', 'i', 'l', '.', 'c', 'o', 'm']}
2024-04-29 17:59:57,840 :DEBUG : urllib3.connectionpool :http://localhost:38911 "POST /session/9d9fab0a14a2ef10af74567e9dfd0e63/element/f.FB0127B3D53F94DA229E28ABA05775A3.d.1A614B5B91DEC3009A04655B8CC3C0F9.e.59/value HTTP/1.1" 200 0
2024-04-29 17:59:57,840 :DEBUG : selenium.webdriver.remote.remote_connection :Remote response: status=200 | data={"value":null} | headers=HTTPHeaderDict({'Content-Length': '14', 'Content-Type': 'application/json; charset=utf-8', 'cache-control': 'no-cache'})
2024-04-29 17:59:57,840 :DEBUG : selenium.webdriver.remote.remote_connection :Finished Request
2024-04-29 17:59:57,840 :DEBUG : selenium.webdriver.remote.remote_connection :POST http://localhost:38911/session/9d9fab0a14a2ef10af74567e9dfd0e63/element {'using': 'xpath', 'value': "//input[@id='Password']"}
2024-04-29 17:59:57,846 :DEBUG : urllib3.connectionpool :http://localhost:38911 "POST /session/9d9fab0a14a2ef10af74567e9dfd0e63/element HTTP/1.1" 200 0
2024-04-29 17:59:57,846 :DEBUG : selenium.webdriver.remote.remote_connection :Remote response: status=200 | data={"value":{"element-6066-11e4-a52e-4f735466cecf":"f.FB0127B3D53F94DA229E28ABA05775A3.d.1A614B5B91DEC3009A04655B8CC3C0F9.e.60"}} | headers=HTTPHeaderDict({'Content-Length': '126', 'Content-Type': 'application/json; charset=utf-8', 'cache-control': 'no-cache'})
2024-04-29 17:59:57,846 :DEBUG : selenium.webdriver.remote.remote_connection :Finished Request
2024-04-29 17:59:57,846 :DEBUG : selenium.webdriver.remote.remote_connection :POST http://localhost:38911/session/9d9fab0a14a2ef10af74567e9dfd0e63/element/f.FB0127B3D53F94DA229E28ABA05775A3.d.1A614B5B91DEC3009A04655B8CC3C0F9.e.60/value {'text': '12345678', 'value': ['1', '2', '3', '4', '5', '6', '7', '8']}
2024-04-29 17:59:57,869 :DEBUG : urllib3.connectionpool :http://localhost:38911 "POST /session/9d9fab0a14a2ef10af74567e9dfd0e63/element/f.FB0127B3D53F94DA229E28ABA05775A3.d.1A614B5B91DEC3009A04655B8CC3C0F9.e.60/value HTTP/1.1" 200 0
2024-04-29 17:59:57,870 :DEBUG : selenium.webdriver.remote.remote_connection :Remote response: status=200 | data={"value":null} | headers=HTTPHeaderDict({'Content-Length': '14', 'Content-Type': 'application/json; charset=utf-8', 'cache-control': 'no-cache'})
2024-04-29 17:59:57,870 :DEBUG : selenium.webdriver.remote.remote_connection :Finished Request
2024-04-29 17:59:57,870 :DEBUG : selenium.webdriver.remote.remote_connection :POST http://localhost:38911/session/9d9fab0a14a2ef10af74567e9dfd0e63/element {'using': 'xpath', 'value': "//button[normalize-space()='Log in']"}
2024-04-29 17:59:57,875 :DEBUG : urllib3.connectionpool :http://localhost:38911 "POST /session/9d9fab0a14a2ef10af74567e9dfd0e63/element HTTP/1.1" 200 0
2024-04-29 17:59:57,875 :DEBUG : selenium.webdriver.remote.remote_connection :Remote response: status=200 | data={"value":{"element-6066-11e4-a52e-4f735466cecf":"f.FB0127B3D53F94DA229E28ABA05775A3.d.1A614B5B91DEC3009A04655B8CC3C0F9.e.66"}} | headers=HTTPHeaderDict({'Content-Length': '126', 'Content-Type': 'application/json; charset=utf-8', 'cache-control': 'no-cache'})
2024-04-29 17:59:57,876 :DEBUG : selenium.webdriver.remote.remote_connection :Finished Request
2024-04-29 17:59:57,876 :DEBUG : selenium.webdriver.remote.remote_connection :POST http://localhost:38911/session/9d9fab0a14a2ef10af74567e9dfd0e63/element/f.FB0127B3D53F94DA229E28ABA05775A3.d.1A614B5B91DEC3009A04655B8CC3C0F9.e.66/click {}
2024-04-29 17:59:58,208 :DEBUG : urllib3.connectionpool :http://localhost:38911 "POST /session/9d9fab0a14a2ef10af74567e9dfd0e63/element/f.FB0127B3D53F94DA229E28ABA05775A3.d.1A614B5B91DEC3009A04655B8CC3C0F9.e.66/click HTTP/1.1" 200 0
2024-04-29 17:59:58,208 :DEBUG : selenium.webdriver.remote.remote_connection :Remote response: status=200 | data={"value":null} | headers=HTTPHeaderDict({'Content-Length': '14', 'Content-Type': 'application/json; charset=utf-8', 'cache-control': 'no-cache'})
2024-04-29 17:59:58,208 :DEBUG : selenium.webdriver.remote.remote_connection :Finished Request
2024-04-29 17:59:58,208 :DEBUG : selenium.webdriver.remote.remote_connection :POST http://localhost:38911/session/9d9fab0a14a2ef10af74567e9dfd0e63/element {'using': 'xpath', 'value': "//a[normalize-space()='Log out']"}
2024-04-29 17:59:58,226 :DEBUG : urllib3.connectionpool :http://localhost:38911 "POST /session/9d9fab0a14a2ef10af74567e9dfd0e63/element HTTP/1.1" 404 0
2024-04-29 17:59:58,226 :DEBUG : selenium.webdriver.remote.remote_connection :Remote response: status=404 | data={"value":{"error":"no such element","message":"no such element: Unable to locate element: {\"method\":\"xpath\",\"selector\":\"//a[normalize-space()='Log out']\"}\n  (Session info: chrome=124.0.6367.78)","stacktrace":"#0 0x560cf73d8cb3 \u003Cunknown>\n#1 0x560cf70c74a7 \u003Cunknown>\n#2 0x560cf711231d \u003Cunknown>\n#3 0x560cf71123d1 \u003Cunknown>\n#4 0x560cf7155734 \u003Cunknown>\n#5 0x560cf713443d \u003Cunknown>\n#6 0x560cf7152be9 \u003Cunknown>\n#7 0x560cf71341b3 \u003Cunknown>\n#8 0x560cf710524a \u003Cunknown>\n#9 0x560cf7105c1e \u003Cunknown>\n#10 0x560cf739cfdb \u003Cunknown>\n#11 0x560cf73a0f2b \u003Cunknown>\n#12 0x560cf73890f1 \u003Cunknown>\n#13 0x560cf73a1a92 \u003Cunknown>\n#14 0x560cf736dfaf \u003Cunknown>\n#15 0x560cf73c7e08 \u003Cunknown>\n#16 0x560cf73c7fe0 \u003Cunknown>\n#17 0x560cf73d7e04 \u003Cunknown>\n#18 0x7fd66f190134 \u003Cunknown>\n"}} | headers=HTTPHeaderDict({'Content-Length': '876', 'Content-Type': 'application/json; charset=utf-8', 'cache-control': 'no-cache'})
2024-04-29 17:59:58,226 :DEBUG : selenium.webdriver.remote.remote_connection :Finished Request
2024-04-29 17:59:58,237 :DEBUG : selenium.webdriver.common.selenium_manager :Selenium Manager binary found at: /home/karunakar/PycharmProjects/Dinero_UI_Automation/.venv/lib/python3.11/site-packages/selenium/webdriver/common/linux/selenium-manager
2024-04-29 17:59:58,237 :DEBUG : selenium.webdriver.common.selenium_manager :Executing process: /home/karunakar/PycharmProjects/Dinero_UI_Automation/.venv/lib/python3.11/site-packages/selenium/webdriver/common/linux/selenium-manager --browser chrome --debug --language-binding python --output json
2024-04-29 17:59:58,260 :DEBUG : selenium.webdriver.common.selenium_manager :chromedriver not found in PATH
2024-04-29 17:59:58,260 :DEBUG : selenium.webdriver.common.selenium_manager :chrome detected at /usr/bin/google-chrome
2024-04-29 17:59:58,260 :DEBUG : selenium.webdriver.common.selenium_manager :Running command: /usr/bin/google-chrome --version
2024-04-29 17:59:58,260 :DEBUG : selenium.webdriver.common.selenium_manager :Output: "Google Chrome 124.0.6367.78 "
2024-04-29 17:59:58,260 :DEBUG : selenium.webdriver.common.selenium_manager :Detected browser: chrome 124.0.6367.78
2024-04-29 17:59:58,260 :DEBUG : selenium.webdriver.common.selenium_manager :Required driver: chromedriver 124.0.6367.91
2024-04-29 17:59:58,260 :DEBUG : selenium.webdriver.common.selenium_manager :chromedriver 124.0.6367.91 already in the cache
2024-04-29 17:59:58,260 :DEBUG : selenium.webdriver.common.selenium_manager :Driver path: /home/karunakar/.cache/selenium/chromedriver/linux64/124.0.6367.91/chromedriver
2024-04-29 17:59:58,260 :DEBUG : selenium.webdriver.common.selenium_manager :Browser path: /usr/bin/google-chrome
2024-04-29 17:59:58,260 :DEBUG : selenium.webdriver.common.selenium_manager :Using driver at: /home/karunakar/.cache/selenium/chromedriver/linux64/124.0.6367.91/chromedriver
2024-04-29 17:59:58,261 :DEBUG : selenium.webdriver.common.service :Started executable: `/home/karunakar/.cache/selenium/chromedriver/linux64/124.0.6367.91/chromedriver` in a child process with pid: 18547 using 0 to output -3
2024-04-29 17:59:58,271 :DEBUG : selenium.webdriver.remote.remote_connection :POST http://localhost:53441/session {'capabilities': {'firstMatch': [{}], 'alwaysMatch': {'browserName': 'chrome', 'pageLoadStrategy': <PageLoadStrategy.normal: 'normal'>, 'browserVersion': None, 'goog:chromeOptions': {'extensions': [], 'binary': '/usr/bin/google-chrome', 'args': []}}}}
2024-04-29 17:59:58,272 :DEBUG : urllib3.connectionpool :Starting new HTTP connection (1): localhost:53441
2024-04-29 17:59:58,664 :DEBUG : urllib3.connectionpool :http://localhost:53441 "POST /session HTTP/1.1" 200 0
2024-04-29 17:59:58,665 :DEBUG : selenium.webdriver.remote.remote_connection :Remote response: status=200 | data={"value":{"capabilities":{"acceptInsecureCerts":false,"browserName":"chrome","browserVersion":"124.0.6367.78","chrome":{"chromedriverVersion":"124.0.6367.91 (51df0e5e17a8b0a4f281c1665dbd1b8a0c6b46af-refs/branch-heads/6367@{#984})","userDataDir":"/tmp/.org.chromium.Chromium.tSwqis"},"fedcm:accounts":true,"goog:chromeOptions":{"debuggerAddress":"localhost:44079"},"networkConnectionEnabled":false,"pageLoadStrategy":"normal","platformName":"linux","proxy":{},"setWindowRect":true,"strictFileInteractability":false,"timeouts":{"implicit":0,"pageLoad":300000,"script":30000},"unhandledPromptBehavior":"dismiss and notify","webauthn:extension:credBlob":true,"webauthn:extension:largeBlob":true,"webauthn:extension:minPinLength":true,"webauthn:extension:prf":true,"webauthn:virtualAuthenticators":true},"sessionId":"9a66cdee60c760a1e524c7c170f6678f"}} | headers=HTTPHeaderDict({'Content-Length': '847', 'Content-Type': 'application/json; charset=utf-8', 'cache-control': 'no-cache'})
2024-04-29 17:59:58,665 :DEBUG : selenium.webdriver.remote.remote_connection :Finished Request
2024-04-29 17:59:58,665 :INFO : root :******* STARTED *********
2024-04-29 17:59:58,665 :DEBUG : selenium.webdriver.remote.remote_connection :POST http://localhost:53441/session/9a66cdee60c760a1e524c7c170f6678f/url {'url': 'https://demo.nopcommerce.com/'}
2024-04-29 18:00:00,046 :DEBUG : urllib3.connectionpool :http://localhost:53441 "POST /session/9a66cdee60c760a1e524c7c170f6678f/url HTTP/1.1" 200 0
2024-04-29 18:00:00,046 :DEBUG : selenium.webdriver.remote.remote_connection :Remote response: status=200 | data={"value":null} | headers=HTTPHeaderDict({'Content-Length': '14', 'Content-Type': 'application/json; charset=utf-8', 'cache-control': 'no-cache'})
2024-04-29 18:00:00,046 :DEBUG : selenium.webdriver.remote.remote_connection :Finished Request
2024-04-29 18:00:00,046 :DEBUG : selenium.webdriver.remote.remote_connection :POST http://localhost:53441/session/9a66cdee60c760a1e524c7c170f6678f/window/maximize {}
2024-04-29 18:00:00,060 :DEBUG : urllib3.connectionpool :http://localhost:53441 "POST /session/9a66cdee60c760a1e524c7c170f6678f/window/maximize HTTP/1.1" 200 0
2024-04-29 18:00:00,060 :DEBUG : selenium.webdriver.remote.remote_connection :Remote response: status=200 | data={"value":{"height":1048,"width":1920,"x":0,"y":32}} | headers=HTTPHeaderDict({'Content-Length': '51', 'Content-Type': 'application/json; charset=utf-8', 'cache-control': 'no-cache'})
2024-04-29 18:00:00,060 :DEBUG : selenium.webdriver.remote.remote_connection :Finished Request
2024-04-29 18:00:00,060 :DEBUG : selenium.webdriver.remote.remote_connection :POST http://localhost:53441/session/9a66cdee60c760a1e524c7c170f6678f/element {'using': 'xpath', 'value': "//a[normalize-space()='Register']"}
2024-04-29 18:00:00,071 :DEBUG : urllib3.connectionpool :http://localhost:53441 "POST /session/9a66cdee60c760a1e524c7c170f6678f/element HTTP/1.1" 200 0
2024-04-29 18:00:00,071 :DEBUG : selenium.webdriver.remote.remote_connection :Remote response: status=200 | data={"value":{"element-6066-11e4-a52e-4f735466cecf":"f.EFD25377182E967F9819AFA021405E57.d.C587946667B201819E5ADEAAF30C7A86.e.15"}} | headers=HTTPHeaderDict({'Content-Length': '126', 'Content-Type': 'application/json; charset=utf-8', 'cache-control': 'no-cache'})
2024-04-29 18:00:00,071 :DEBUG : selenium.webdriver.remote.remote_connection :Finished Request
2024-04-29 18:00:00,071 :DEBUG : selenium.webdriver.remote.remote_connection :POST http://localhost:53441/session/9a66cdee60c760a1e524c7c170f6678f/element/f.EFD25377182E967F9819AFA021405E57.d.C587946667B201819E5ADEAAF30C7A86.e.15/click {}
2024-04-29 18:00:00,532 :DEBUG : urllib3.connectionpool :http://localhost:53441 "POST /session/9a66cdee60c760a1e524c7c170f6678f/element/f.EFD25377182E967F9819AFA021405E57.d.C587946667B201819E5ADEAAF30C7A86.e.15/click HTTP/1.1" 200 0
2024-04-29 18:00:00,532 :DEBUG : selenium.webdriver.remote.remote_connection :Remote response: status=200 | data={"value":null} | headers=HTTPHeaderDict({'Content-Length': '14', 'Content-Type': 'application/json; charset=utf-8', 'cache-control': 'no-cache'})
2024-04-29 18:00:00,532 :DEBUG : selenium.webdriver.remote.remote_connection :Finished Request
2024-04-29 18:00:00,532 :DEBUG : selenium.webdriver.remote.remote_connection :POST http://localhost:53441/session/9a66cdee60c760a1e524c7c170f6678f/element {'using': 'xpath', 'value': "//*[@id='gender']/span[1]/label"}
2024-04-29 18:00:00,544 :DEBUG : urllib3.connectionpool :http://localhost:53441 "POST /session/9a66cdee60c760a1e524c7c170f6678f/element HTTP/1.1" 200 0
2024-04-29 18:00:00,544 :DEBUG : selenium.webdriver.remote.remote_connection :Remote response: status=200 | data={"value":{"element-6066-11e4-a52e-4f735466cecf":"f.EFD25377182E967F9819AFA021405E57.d.5B1828DE9C2C3C7AD4BD126B4F3C1708.e.84"}} | headers=HTTPHeaderDict({'Content-Length': '126', 'Content-Type': 'application/json; charset=utf-8', 'cache-control': 'no-cache'})
2024-04-29 18:00:00,544 :DEBUG : selenium.webdriver.remote.remote_connection :Finished Request
2024-04-29 18:00:00,544 :DEBUG : selenium.webdriver.remote.remote_connection :POST http://localhost:53441/session/9a66cdee60c760a1e524c7c170f6678f/element/f.EFD25377182E967F9819AFA021405E57.d.5B1828DE9C2C3C7AD4BD126B4F3C1708.e.84/click {}
2024-04-29 18:00:00,564 :DEBUG : urllib3.connectionpool :http://localhost:53441 "POST /session/9a66cdee60c760a1e524c7c170f6678f/element/f.EFD25377182E967F9819AFA021405E57.d.5B1828DE9C2C3C7AD4BD126B4F3C1708.e.84/click HTTP/1.1" 200 0
2024-04-29 18:00:00,564 :DEBUG : selenium.webdriver.remote.remote_connection :Remote response: status=200 | data={"value":null} | headers=HTTPHeaderDict({'Content-Length': '14', 'Content-Type': 'application/json; charset=utf-8', 'cache-control': 'no-cache'})
2024-04-29 18:00:00,564 :DEBUG : selenium.webdriver.remote.remote_connection :Finished Request
2024-04-29 18:00:00,564 :DEBUG : selenium.webdriver.remote.remote_connection :POST http://localhost:53441/session/9a66cdee60c760a1e524c7c170f6678f/element {'using': 'xpath', 'value': "//input[@id='FirstName']"}
2024-04-29 18:00:00,570 :DEBUG : urllib3.connectionpool :http://localhost:53441 "POST /session/9a66cdee60c760a1e524c7c170f6678f/element HTTP/1.1" 200 0
2024-04-29 18:00:00,570 :DEBUG : selenium.webdriver.remote.remote_connection :Remote response: status=200 | data={"value":{"element-6066-11e4-a52e-4f735466cecf":"f.EFD25377182E967F9819AFA021405E57.d.5B1828DE9C2C3C7AD4BD126B4F3C1708.e.60"}} | headers=HTTPHeaderDict({'Content-Length': '126', 'Content-Type': 'application/json; charset=utf-8', 'cache-control': 'no-cache'})
2024-04-29 18:00:00,571 :DEBUG : selenium.webdriver.remote.remote_connection :Finished Request
2024-04-29 18:00:00,571 :DEBUG : selenium.webdriver.remote.remote_connection :POST http://localhost:53441/session/9a66cdee60c760a1e524c7c170f6678f/element/f.EFD25377182E967F9819AFA021405E57.d.5B1828DE9C2C3C7AD4BD126B4F3C1708.e.60/value {'text': 'Karunakar', 'value': ['K', 'a', 'r', 'u', 'n', 'a', 'k', 'a', 'r']}
2024-04-29 18:00:00,607 :DEBUG : urllib3.connectionpool :http://localhost:53441 "POST /session/9a66cdee60c760a1e524c7c170f6678f/element/f.EFD25377182E967F9819AFA021405E57.d.5B1828DE9C2C3C7AD4BD126B4F3C1708.e.60/value HTTP/1.1" 200 0
2024-04-29 18:00:00,607 :DEBUG : selenium.webdriver.remote.remote_connection :Remote response: status=200 | data={"value":null} | headers=HTTPHeaderDict({'Content-Length': '14', 'Content-Type': 'application/json; charset=utf-8', 'cache-control': 'no-cache'})
2024-04-29 18:00:00,607 :DEBUG : selenium.webdriver.remote.remote_connection :Finished Request
2024-04-29 18:00:00,607 :DEBUG : selenium.webdriver.remote.remote_connection :POST http://localhost:53441/session/9a66cdee60c760a1e524c7c170f6678f/element {'using': 'xpath', 'value': "//input[@id='LastName']"}
2024-04-29 18:00:00,613 :DEBUG : urllib3.connectionpool :http://localhost:53441 "POST /session/9a66cdee60c760a1e524c7c170f6678f/element HTTP/1.1" 200 0
2024-04-29 18:00:00,613 :DEBUG : selenium.webdriver.remote.remote_connection :Remote response: status=200 | data={"value":{"element-6066-11e4-a52e-4f735466cecf":"f.EFD25377182E967F9819AFA021405E57.d.5B1828DE9C2C3C7AD4BD126B4F3C1708.e.61"}} | headers=HTTPHeaderDict({'Content-Length': '126', 'Content-Type': 'application/json; charset=utf-8', 'cache-control': 'no-cache'})
2024-04-29 18:00:00,613 :DEBUG : selenium.webdriver.remote.remote_connection :Finished Request
2024-04-29 18:00:00,613 :DEBUG : selenium.webdriver.remote.remote_connection :POST http://localhost:53441/session/9a66cdee60c760a1e524c7c170f6678f/element/f.EFD25377182E967F9819AFA021405E57.d.5B1828DE9C2C3C7AD4BD126B4F3C1708.e.61/value {'text': 'Chavadam', 'value': ['C', 'h', 'a', 'v', 'a', 'd', 'a', 'm']}
2024-04-29 18:00:00,637 :DEBUG : urllib3.connectionpool :http://localhost:53441 "POST /session/9a66cdee60c760a1e524c7c170f6678f/element/f.EFD25377182E967F9819AFA021405E57.d.5B1828DE9C2C3C7AD4BD126B4F3C1708.e.61/value HTTP/1.1" 200 0
2024-04-29 18:00:00,637 :DEBUG : selenium.webdriver.remote.remote_connection :Remote response: status=200 | data={"value":null} | headers=HTTPHeaderDict({'Content-Length': '14', 'Content-Type': 'application/json; charset=utf-8', 'cache-control': 'no-cache'})
2024-04-29 18:00:00,637 :DEBUG : selenium.webdriver.remote.remote_connection :Finished Request
2024-04-29 18:00:00,637 :DEBUG : selenium.webdriver.remote.remote_connection :POST http://localhost:53441/session/9a66cdee60c760a1e524c7c170f6678f/element {'using': 'xpath', 'value': "//input[@id='Email']"}
2024-04-29 18:00:00,642 :DEBUG : urllib3.connectionpool :http://localhost:53441 "POST /session/9a66cdee60c760a1e524c7c170f6678f/element HTTP/1.1" 200 0
2024-04-29 18:00:00,642 :DEBUG : selenium.webdriver.remote.remote_connection :Remote response: status=200 | data={"value":{"element-6066-11e4-a52e-4f735466cecf":"f.EFD25377182E967F9819AFA021405E57.d.5B1828DE9C2C3C7AD4BD126B4F3C1708.e.62"}} | headers=HTTPHeaderDict({'Content-Length': '126', 'Content-Type': 'application/json; charset=utf-8', 'cache-control': 'no-cache'})
2024-04-29 18:00:00,642 :DEBUG : selenium.webdriver.remote.remote_connection :Finished Request
2024-04-29 18:00:00,642 :DEBUG : selenium.webdriver.remote.remote_connection :POST http://localhost:53441/session/9a66cdee60c760a1e524c7c170f6678f/element/f.EFD25377182E967F9819AFA021405E57.d.5B1828DE9C2C3C7AD4BD126B4F3C1708.e.62/value {'text': '9vi3q@gmail.com', 'value': ['9', 'v', 'i', '3', 'q', '@', 'g', 'm', 'a', 'i', 'l', '.', 'c', 'o', 'm']}
2024-04-29 18:00:00,665 :DEBUG : urllib3.connectionpool :http://localhost:53441 "POST /session/9a66cdee60c760a1e524c7c170f6678f/element/f.EFD25377182E967F9819AFA021405E57.d.5B1828DE9C2C3C7AD4BD126B4F3C1708.e.62/value HTTP/1.1" 200 0
2024-04-29 18:00:00,666 :DEBUG : selenium.webdriver.remote.remote_connection :Remote response: status=200 | data={"value":null} | headers=HTTPHeaderDict({'Content-Length': '14', 'Content-Type': 'application/json; charset=utf-8', 'cache-control': 'no-cache'})
2024-04-29 18:00:00,666 :DEBUG : selenium.webdriver.remote.remote_connection :Finished Request
2024-04-29 18:00:00,666 :DEBUG : selenium.webdriver.remote.remote_connection :POST http://localhost:53441/session/9a66cdee60c760a1e524c7c170f6678f/element {'using': 'xpath', 'value': "//input[@id='Password']"}
2024-04-29 18:00:00,673 :DEBUG : urllib3.connectionpool :http://localhost:53441 "POST /session/9a66cdee60c760a1e524c7c170f6678f/element HTTP/1.1" 200 0
2024-04-29 18:00:00,673 :DEBUG : selenium.webdriver.remote.remote_connection :Remote response: status=200 | data={"value":{"element-6066-11e4-a52e-4f735466cecf":"f.EFD25377182E967F9819AFA021405E57.d.5B1828DE9C2C3C7AD4BD126B4F3C1708.e.65"}} | headers=HTTPHeaderDict({'Content-Length': '126', 'Content-Type': 'application/json; charset=utf-8', 'cache-control': 'no-cache'})
2024-04-29 18:00:00,673 :DEBUG : selenium.webdriver.remote.remote_connection :Finished Request
2024-04-29 18:00:00,673 :DEBUG : selenium.webdriver.remote.remote_connection :POST http://localhost:53441/session/9a66cdee60c760a1e524c7c170f6678f/element/f.EFD25377182E967F9819AFA021405E57.d.5B1828DE9C2C3C7AD4BD126B4F3C1708.e.65/value {'text': '12345678', 'value': ['1', '2', '3', '4', '5', '6', '7', '8']}
2024-04-29 18:00:00,703 :DEBUG : urllib3.connectionpool :http://localhost:53441 "POST /session/9a66cdee60c760a1e524c7c170f6678f/element/f.EFD25377182E967F9819AFA021405E57.d.5B1828DE9C2C3C7AD4BD126B4F3C1708.e.65/value HTTP/1.1" 200 0
2024-04-29 18:00:00,703 :DEBUG : selenium.webdriver.remote.remote_connection :Remote response: status=200 | data={"value":null} | headers=HTTPHeaderDict({'Content-Length': '14', 'Content-Type': 'application/json; charset=utf-8', 'cache-control': 'no-cache'})
2024-04-29 18:00:00,703 :DEBUG : selenium.webdriver.remote.remote_connection :Finished Request
2024-04-29 18:00:00,703 :DEBUG : selenium.webdriver.remote.remote_connection :POST http://localhost:53441/session/9a66cdee60c760a1e524c7c170f6678f/element {'using': 'xpath', 'value': "//input[@id='ConfirmPassword']"}
2024-04-29 18:00:00,710 :DEBUG : urllib3.connectionpool :http://localhost:53441 "POST /session/9a66cdee60c760a1e524c7c170f6678f/element HTTP/1.1" 200 0
2024-04-29 18:00:00,710 :DEBUG : selenium.webdriver.remote.remote_connection :Remote response: status=200 | data={"value":{"element-6066-11e4-a52e-4f735466cecf":"f.EFD25377182E967F9819AFA021405E57.d.5B1828DE9C2C3C7AD4BD126B4F3C1708.e.66"}} | headers=HTTPHeaderDict({'Content-Length': '126', 'Content-Type': 'application/json; charset=utf-8', 'cache-control': 'no-cache'})
2024-04-29 18:00:00,711 :DEBUG : selenium.webdriver.remote.remote_connection :Finished Request
2024-04-29 18:00:00,711 :DEBUG : selenium.webdriver.remote.remote_connection :POST http://localhost:53441/session/9a66cdee60c760a1e524c7c170f6678f/element/f.EFD25377182E967F9819AFA021405E57.d.5B1828DE9C2C3C7AD4BD126B4F3C1708.e.66/value {'text': '12345678', 'value': ['1', '2', '3', '4', '5', '6', '7', '8']}
2024-04-29 18:00:00,739 :DEBUG : urllib3.connectionpool :http://localhost:53441 "POST /session/9a66cdee60c760a1e524c7c170f6678f/element/f.EFD25377182E967F9819AFA021405E57.d.5B1828DE9C2C3C7AD4BD126B4F3C1708.e.66/value HTTP/1.1" 200 0
2024-04-29 18:00:00,739 :DEBUG : selenium.webdriver.remote.remote_connection :Remote response: status=200 | data={"value":null} | headers=HTTPHeaderDict({'Content-Length': '14', 'Content-Type': 'application/json; charset=utf-8', 'cache-control': 'no-cache'})
2024-04-29 18:00:00,740 :DEBUG : selenium.webdriver.remote.remote_connection :Finished Request
2024-04-29 18:00:00,740 :DEBUG : selenium.webdriver.remote.remote_connection :POST http://localhost:53441/session/9a66cdee60c760a1e524c7c170f6678f/element {'using': 'xpath', 'value': "//button[@id='register-button']"}
2024-04-29 18:00:00,750 :DEBUG : urllib3.connectionpool :http://localhost:53441 "POST /session/9a66cdee60c760a1e524c7c170f6678f/element HTTP/1.1" 200 0
2024-04-29 18:00:00,750 :DEBUG : selenium.webdriver.remote.remote_connection :Remote response: status=200 | data={"value":{"element-6066-11e4-a52e-4f735466cecf":"f.EFD25377182E967F9819AFA021405E57.d.5B1828DE9C2C3C7AD4BD126B4F3C1708.e.74"}} | headers=HTTPHeaderDict({'Content-Length': '126', 'Content-Type': 'application/json; charset=utf-8', 'cache-control': 'no-cache'})
2024-04-29 18:00:00,750 :DEBUG : selenium.webdriver.remote.remote_connection :Finished Request
2024-04-29 18:00:00,751 :DEBUG : selenium.webdriver.remote.remote_connection :POST http://localhost:53441/session/9a66cdee60c760a1e524c7c170f6678f/element/f.EFD25377182E967F9819AFA021405E57.d.5B1828DE9C2C3C7AD4BD126B4F3C1708.e.74/click {}
2024-04-29 18:00:01,479 :DEBUG : urllib3.connectionpool :http://localhost:53441 "POST /session/9a66cdee60c760a1e524c7c170f6678f/element/f.EFD25377182E967F9819AFA021405E57.d.5B1828DE9C2C3C7AD4BD126B4F3C1708.e.74/click HTTP/1.1" 200 0
2024-04-29 18:00:01,479 :DEBUG : selenium.webdriver.remote.remote_connection :Remote response: status=200 | data={"value":null} | headers=HTTPHeaderDict({'Content-Length': '14', 'Content-Type': 'application/json; charset=utf-8', 'cache-control': 'no-cache'})
2024-04-29 18:00:01,479 :DEBUG : selenium.webdriver.remote.remote_connection :Finished Request
2024-04-29 18:00:01,479 :DEBUG : selenium.webdriver.remote.remote_connection :POST http://localhost:53441/session/9a66cdee60c760a1e524c7c170f6678f/element {'using': 'xpath', 'value': "//div[@class='result']"}
2024-04-29 18:00:01,490 :DEBUG : urllib3.connectionpool :http://localhost:53441 "POST /session/9a66cdee60c760a1e524c7c170f6678f/element HTTP/1.1" 200 0
2024-04-29 18:00:01,490 :DEBUG : selenium.webdriver.remote.remote_connection :Remote response: status=200 | data={"value":{"element-6066-11e4-a52e-4f735466cecf":"f.EFD25377182E967F9819AFA021405E57.d.06E13E7F2672204428B1483C0BD56A75.e.114"}} | headers=HTTPHeaderDict({'Content-Length': '127', 'Content-Type': 'application/json; charset=utf-8', 'cache-control': 'no-cache'})
2024-04-29 18:00:01,490 :DEBUG : selenium.webdriver.remote.remote_connection :Finished Request
2024-04-29 18:00:01,490 :DEBUG : selenium.webdriver.remote.remote_connection :GET http://localhost:53441/session/9a66cdee60c760a1e524c7c170f6678f/element/f.EFD25377182E967F9819AFA021405E57.d.06E13E7F2672204428B1483C0BD56A75.e.114/text {}
2024-04-29 18:00:01,498 :DEBUG : urllib3.connectionpool :http://localhost:53441 "GET /session/9a66cdee60c760a1e524c7c170f6678f/element/f.EFD25377182E967F9819AFA021405E57.d.06E13E7F2672204428B1483C0BD56A75.e.114/text HTTP/1.1" 200 0
2024-04-29 18:00:01,498 :DEBUG : selenium.webdriver.remote.remote_connection :Remote response: status=200 | data={"value":"Your registration completed"} | headers=HTTPHeaderDict({'Content-Length': '39', 'Content-Type': 'application/json; charset=utf-8', 'cache-control': 'no-cache'})
2024-04-29 18:00:01,498 :DEBUG : selenium.webdriver.remote.remote_connection :Finished Request
